<?xml version="1.0" encoding="UTF-8"?>
<!-- Generated by org.testng.reporters.JUnitReportReporter -->
<testsuite hostname="TYSS-Raveesh" failures="0" tests="1" name="RestfulBooker.GetBooking" time="2.495" errors="0" timestamp="2023-09-21T11:14:56 IST" skipped="0">
  <testcase classname="RestfulBooker.GetBooking" name="getBooking" time="2.495"/>
</testsuite> <!-- RestfulBooker.GetBooking -->
